Using pre-set license
Built from '2020.3/staging' branch; Version is '2020.3.6f1 (338bb68529b2) revision 3378102'; Using compiler version '192528614'; Build Type 'Release'
OS: 'Windows 10 Home; OS build 19042.1110; Version 2009; 64bit' Language: 'en' Physical Memory: 24518 MB
BatchMode: 1, IsHumanControllingUs: 0, StartBugReporterOnCrash: 0, Is64bit: 1, IsPro: 0

 COMMAND LINE ARGUMENTS:
F:\Program Files\2020.3.6f1\Editor\Unity.exe
-adb2
-batchMode
-noUpm
-name
AssetImportWorker0
-projectPath
F:/Git/Nested Scriptable Objects Example
-logFile
Logs/AssetImportWorker0.log
-srvPort
55012
Successfully changed project path to: F:/Git/Nested Scriptable Objects Example
F:/Git/Nested Scriptable Objects Example
Using Asset Import Pipeline V2.
Refreshing native plugins compatible for Editor in 338.71 ms, found 0 plugins.
Preloading 0 native plugins for Editor in 0.00 ms.
Initialize engine version: 2020.3.6f1 (338bb68529b2)
[Subsystems] Discovering subsystems at path F:/Program Files/2020.3.6f1/Editor/Data/Resources/UnitySubsystems
[Subsystems] Discovering subsystems at path F:/Git/Nested Scriptable Objects Example/Assets
GfxDevice: creating device client; threaded=0
Direct3D:
    Version:  Direct3D 11.0 [level 11.1]
    Renderer: NVIDIA GeForce GTX 1080 Ti (ID=0x1b06)
    Vendor:   
    VRAM:     11127 MB
    Driver:   27.21.14.6647
Initialize mono
Mono path[0] = 'F:/Program Files/2020.3.6f1/Editor/Data/Managed'
Mono path[1] = 'F:/Program Files/2020.3.6f1/Editor/Data/MonoBleedingEdge/lib/mono/unityjit'
Mono config path = 'F:/Program Files/2020.3.6f1/Editor/Data/MonoBleedingEdge/etc'
Using monoOptions --debugger-agent=transport=dt_socket,embedding=1,server=y,suspend=n,address=127.0.0.1:56036
Begin MonoManager ReloadAssembly
Registering precompiled unity dll's ...
Register platform support module: F:/Program Files/2020.3.6f1/Editor/Data/PlaybackEngines/WindowsStandaloneSupport/UnityEditor.WindowsStandalone.Extensions.dll
Registered in 0.001142 seconds.
Native extension for WindowsStandalone target not found
Refreshing native plugins compatible for Editor in 73.05 ms, found 0 plugins.
Preloading 0 native plugins for Editor in 0.00 ms.
Mono: successfully reloaded assembly
- Completed reload, in  1.140 seconds
Platform modules already initialized, skipping
Registering precompiled user dll's ...
Registered in 0.001040 seconds.
Begin MonoManager ReloadAssembly
Native extension for WindowsStandalone target not found
Refreshing native plugins compatible for Editor in 39.36 ms, found 0 plugins.
Preloading 0 native plugins for Editor in 0.00 ms.
Mono: successfully reloaded assembly
- Completed reload, in  1.027 seconds
Platform modules already initialized, skipping
========================================================================
Worker process is ready to serve import requests
Shader 'Universal Render Pipeline/Particles/Lit': fallback shader 'Universal Render Pipeline/Particles/SimpleLit' not found
Shader 'Universal Render Pipeline/Particles/Lit': fallback shader 'Universal Render Pipeline/Particles/SimpleLit' not found
Launched and connected shader compiler UnityShaderCompiler.exe after 0.08 seconds
Refreshing native plugins compatible for Editor in 1.15 ms, found 0 plugins.
Preloading 0 native plugins for Editor in 0.00 ms.
Unloading 2421 Unused Serialized files (Serialized files now loaded: 0)
System memory in use before: 113.2 MB.
System memory in use after: 110.4 MB.

Unloading 45 unused Assets to reduce memory usage. Loaded Objects now: 2827.
Total: 7.364100 ms (FindLiveObjects: 0.471200 ms CreateObjectMapping: 0.211800 ms MarkObjects: 4.355300 ms  DeleteObjects: 2.323800 ms)

========================================================================
Received Import Request.
  path: Assets/Readme.asset
  artifactKey: Guid(83c2ed844a8c74b779a4c823d16594b1) Importer(815301076,1909f56bfc062723c751e8b465ee728b)
Start importing Assets/Readme.asset using Guid(83c2ed844a8c74b779a4c823d16594b1) Importer(815301076,1909f56bfc062723c751e8b465ee728b)  -> (artifact id: 'd583f2096f29bf976b5c4e4af107c22c') in 0.053303 seconds
  Import took 0.059142 seconds .

========================================================================
Received Import Request.
  Time since last request: 41.876637 seconds.
  path: Assets/Scenes
  artifactKey: Guid(5d428d5cc2816b5448184ffb821993e8) Importer(815301076,1909f56bfc062723c751e8b465ee728b)
Start importing Assets/Scenes using Guid(5d428d5cc2816b5448184ffb821993e8) Importer(815301076,1909f56bfc062723c751e8b465ee728b)  -> (artifact id: 'e5e03c5313e2307325741149b74977f5') in 0.005378 seconds
  Import took 0.009646 seconds .

========================================================================
Received Import Request.
  Time since last request: 0.005904 seconds.
  path: Assets/Scenes
  artifactKey: Guid(5d428d5cc2816b5448184ffb821993e8) Importer(815301076,1909f56bfc062723c751e8b465ee728b)
Start importing Assets/Scenes using Guid(5d428d5cc2816b5448184ffb821993e8) Importer(815301076,1909f56bfc062723c751e8b465ee728b)  -> (artifact id: 'e5e03c5313e2307325741149b74977f5') in 0.001639 seconds
  Import took 0.006246 seconds .

========================================================================
Received Import Request.
  Time since last request: 13.438733 seconds.
  path: Assets/Scenes/Test.unity
  artifactKey: Guid(a9d0c5fc4358f6e45b1d800b60114eed) Importer(815301076,1909f56bfc062723c751e8b465ee728b)
Start importing Assets/Scenes/Test.unity using Guid(a9d0c5fc4358f6e45b1d800b60114eed) Importer(815301076,1909f56bfc062723c751e8b465ee728b)  -> (artifact id: '8fe0444bd2d45b226c650f5d9f31ee66') in 0.007247 seconds
  Import took 0.011603 seconds .

========================================================================
Received Import Request.
  Time since last request: 2.244275 seconds.
  path: Assets/Scenes/SampleSceneLightingSettings.lighting
  artifactKey: Guid(477cc4148fad3449482a3bc3178594e2) Importer(815301076,1909f56bfc062723c751e8b465ee728b)
Start importing Assets/Scenes/SampleSceneLightingSettings.lighting using Guid(477cc4148fad3449482a3bc3178594e2) Importer(815301076,1909f56bfc062723c751e8b465ee728b)  -> (artifact id: '0d3466def35f925d528ac2ac5fb8a909') in 0.007929 seconds
  Import took 0.012191 seconds .

========================================================================
Received Import Request.
  Time since last request: 0.022892 seconds.
  path: Assets/Scenes/SampleSceneLightingSettings.lighting
  artifactKey: Guid(477cc4148fad3449482a3bc3178594e2) Importer(815301076,1909f56bfc062723c751e8b465ee728b)
Start importing Assets/Scenes/SampleSceneLightingSettings.lighting using Guid(477cc4148fad3449482a3bc3178594e2) Importer(815301076,1909f56bfc062723c751e8b465ee728b)  -> (artifact id: '0d3466def35f925d528ac2ac5fb8a909') in 0.002055 seconds
  Import took 0.006252 seconds .

========================================================================
Received Prepare
Registering precompiled user dll's ...
Registered in 0.001178 seconds.
Begin MonoManager ReloadAssembly
Native extension for WindowsStandalone target not found
Refreshing native plugins compatible for Editor in 0.43 ms, found 0 plugins.
Preloading 0 native plugins for Editor in 0.00 ms.
Mono: successfully reloaded assembly
- Completed reload, in  0.911 seconds
Platform modules already initialized, skipping
Shader 'Universal Render Pipeline/Particles/Lit': fallback shader 'Universal Render Pipeline/Particles/SimpleLit' not found
Shader 'Universal Render Pipeline/Particles/Lit': fallback shader 'Universal Render Pipeline/Particles/SimpleLit' not found
Refreshing native plugins compatible for Editor in 0.44 ms, found 0 plugins.
Preloading 0 native plugins for Editor in 0.00 ms.
Unloading 2343 Unused Serialized files (Serialized files now loaded: 0)
System memory in use before: 109.5 MB.
System memory in use after: 106.8 MB.

Unloading 42 unused Assets to reduce memory usage. Loaded Objects now: 2828.
Total: 5.116200 ms (FindLiveObjects: 0.371700 ms CreateObjectMapping: 0.112800 ms MarkObjects: 2.608800 ms  DeleteObjects: 2.021400 ms)

========================================================================
Received Import Request.
  Time since last request: 29.053951 seconds.
  path: Assets/Scripts
  artifactKey: Guid(02a3527b6b33a924e8ec66aa805ea717) Importer(815301076,1909f56bfc062723c751e8b465ee728b)
Start importing Assets/Scripts using Guid(02a3527b6b33a924e8ec66aa805ea717) Importer(815301076,1909f56bfc062723c751e8b465ee728b)  -> (artifact id: '232ef37dc85f87a37df27b12954ac0c1') in 0.012833 seconds
  Import took 0.016900 seconds .

========================================================================
Received Import Request.
  Time since last request: 24.963300 seconds.
  path: Assets
  artifactKey: Guid(00000000000000001000000000000000) Importer(815301076,1909f56bfc062723c751e8b465ee728b)
Start importing Assets using Guid(00000000000000001000000000000000) Importer(815301076,1909f56bfc062723c751e8b465ee728b)  -> (artifact id: '2c602d4445bd9e0e517b9a7c882a2249') in 0.006478 seconds
  Import took 0.011494 seconds .

========================================================================
Received Import Request.
  Time since last request: 4.824332 seconds.
  path: Assets/Scriptable Object
  artifactKey: Guid(009f9f1fbd0e66b4cbe6eb98970c340b) Importer(815301076,1909f56bfc062723c751e8b465ee728b)
Start importing Assets/Scriptable Object using Guid(009f9f1fbd0e66b4cbe6eb98970c340b) Importer(815301076,1909f56bfc062723c751e8b465ee728b)  -> (artifact id: '355585200aab7a62ae7c8a06f150ed5a') in 0.007402 seconds
  Import took 0.012269 seconds .

AssetImportWorkerClient::OnTransportError - code=2 error=End of file
